<?xml version="1.0" encoding="UTF-8"?>
<testsuite xmlns:xsi="http://www.w3.org/2001/XMLSchema-instance" xsi:noNamespaceSchemaLocation="https://maven.apache.org/surefire/maven-surefire-plugin/xsd/surefire-test-report-3.0.xsd" version="3.0" name="dk.sdu.cart_service.CartServiceApplicationTests" time="2.272" tests="1" errors="0" skipped="0" failures="0">
  <properties>
[...]
</properties>
  <testcase name="contextLoads" classname="dk.sdu.cart_service.CartServiceApplicationTests" time="0.625">
    <system-out><![CDATA[09:44:25.140 [main] INFO org.springframework.test.context.support.AnnotationConfigContextLoaderUtils -- Could not detect default configuration classes for test class [dk.sdu.cart_service.CartServiceApplicationTests]: CartServiceApplicationTests does not declare any static, non-private, non-final, nested classes annotated with @Configuration.
09:44:25.222 [main] INFO org.springframework.boot.test.context.SpringBootTestContextBootstrapper -- Found @SpringBootConfiguration dk.sdu.cart_service.CartServiceApplication for test class dk.sdu.cart_service.CartServiceApplicationTests

  .   ____          _            __ _ _
 /\\ / ___'_ __ _ _(_)_ __  __ _ \ \ \ \
( ( )\___ | '_ | '_| | '_ \/ _` | \ \ \ \
 \\/  ___)| |_)| | | | | || (_| |  ) ) ) )
  '  |____| .__|_| |_|_| |_\__, | / / / /
 =========|_|==============|___/=/_/_/_/
 :: Spring Boot ::                (v3.1.4)

2023-10-17T09:44:25.481+02:00  INFO 15149 --- [           main] d.s.c.CartServiceApplicationTests        : Starting CartServiceApplicationTests using Java 21 with PID 15149 (started by frederiknielsen in /Users/frederiknielsen/uni/6thsem/EshopMicroservices/EshopMicroservices/cart_service)
2023-10-17T09:44:25.483+02:00  INFO 15149 --- [           main] d.s.c.CartServiceApplicationTests        : No active profile set, falling back to 1 default profile: "default"
2023-10-17T09:44:25.864+02:00  INFO 15149 --- [           main] .s.d.r.c.RepositoryConfigurationDelegate : Multiple Spring Data modules found, entering strict repository configuration mode
2023-10-17T09:44:25.866+02:00  INFO 15149 --- [           main] .s.d.r.c.RepositoryConfigurationDelegate : Bootstrapping Spring Data Redis repositories in DEFAULT mode.
2023-10-17T09:44:25.893+02:00  INFO 15149 --- [           main] .s.d.r.c.RepositoryConfigurationDelegate : Finished Spring Data repository scanning in 13 ms. Found 0 Redis repository interfaces.
2023-10-17T09:44:26.644+02:00  INFO 15149 --- [           main] d.s.c.CartServiceApplicationTests        : Started CartServiceApplicationTests in 1.33 seconds (process running for 2.007)
]]></system-out>
    <system-err><![CDATA[WARNING: A Java agent has been loaded dynamically (/Users/frederiknielsen/.m2/repository/net/bytebuddy/byte-buddy-agent/1.14.8/byte-buddy-agent-1.14.8.jar)
WARNING: If a serviceability tool is in use, please run with -XX:+EnableDynamicAgentLoading to hide this warning
WARNING: If a serviceability tool is not in use, please run with -Djdk.instrument.traceUsage for more information
WARNING: Dynamic loading of agents will be disallowed by default in a future release
]]></system-err>
  </testcase>
</testsuite>